<?xml version="1.0" encoding="UTF-8"?>
<!-- Generated by org.testng.reporters.JUnitReportReporter -->
<testsuite hostname="Rv" failures="0" tests="1" name="woocommerce.SumbitOrder" time="12.807" errors="0" timestamp="2023-01-06T19:49:49 IST" skipped="0">
  <testcase classname="woocommerce.SumbitOrder" name="EndToEnd" time="12.807"/>
  <system-out/>
</testsuite> <!-- woocommerce.SumbitOrder -->
