<?xml version="1.0" encoding="UTF-8"?>
<!-- Generated by org.testng.reporters.JUnitReportReporter -->
<testsuite hostname="Rv" failures="0" tests="1" name="woocommerce.ProductCreate" time="88.382" errors="0" timestamp="2023-01-07T00:22:55 IST" skipped="0">
  <testcase classname="woocommerce.ProductCreate" name="createProduct" time="88.382"/>
  <system-out/>
</testsuite> <!-- woocommerce.ProductCreate -->
